# JRE version: OpenJDK Runtime Environment Temurin-17.0.1+12 (17.0.1+12) (build 17.0.1+12)
# Java VM: OpenJDK 64-Bit Server VM Temurin-17.0.1+12 (17.0.1+12, mixed mode, emulated-client, tiered, compressed oops, compressed class ptrs, g1 gc, windows-amd64)
GC Precious Log:
 CPUs: 2 total, 2 available
 Memory: 3839M
 Large Page Support: Disabled
 NUMA Support: Disabled
 Compressed Oops: Enabled (32-bit)
 Heap Region Size: 1M
 Heap Min Capacity: 8M
 Heap Initial Capacity: 60M
 Heap Max Capacity: 960M
 Pre-touch: Disabled
 Parallel Workers: 2
 Concurrent Workers: 1
 Concurrent Refinement Workers: 2
 Periodic GC: Disabled
Heap:
 garbage-first heap   total 61440K, used 45231K [0x00000000c4000000, 0x0000000100000000)
  region size 1024K, 27 young (27648K), 3 survivors (3072K)
 Metaspace       used 53729K, committed 54080K, reserved 1097728K
  class space    used 7084K, committed 7232K, reserved 1048576K
GC Heap History (20 events):
Event: 9.511 GC heap before
{Heap before GC invocations=9 (full 0):
 garbage-first heap   total 40960K, used 12507K [0x00000000c4000000, 0x0000000100000000)
  region size 1024K, 4 young (4096K), 3 survivors (3072K)
 Metaspace       used 25350K, committed 25664K, reserved 1073152K
  class space    used 3143K, committed 3264K, reserved 1048576K
}
Event: 9.526 GC heap after
{Heap after GC invocations=10 (full 0):
 garbage-first heap   total 40960K, used 11666K [0x00000000c4000000, 0x0000000100000000)
  region size 1024K, 1 young (1024K), 1 survivors (1024K)
 Metaspace       used 25350K, committed 25664K, reserved 1073152K
  class space    used 3143K, committed 3264K, reserved 1048576K
}
Event: 10.637 GC heap before
{Heap before GC invocations=10 (full 0):
 garbage-first heap   total 40960K, used 30098K [0x00000000c4000000, 0x0000000100000000)
  region size 1024K, 20 young (20480K), 1 survivors (1024K)
 Metaspace       used 28441K, committed 28800K, reserved 1081344K
  class space    used 3469K, committed 3648K, reserved 1048576K
}
Event: 10.645 GC heap after
{Heap after GC invocations=11 (full 0):
 garbage-first heap   total 78848K, used 12145K [0x00000000c4000000, 0x0000000100000000)
  region size 1024K, 1 young (1024K), 1 survivors (1024K)
 Metaspace       used 28441K, committed 28800K, reserved 1081344K
  class space    used 3469K, committed 3648K, reserved 1048576K
}
Event: 11.693 GC heap before
{Heap before GC invocations=11 (full 0):
 garbage-first heap   total 78848K, used 57201K [0x00000000c4000000, 0x0000000100000000)
  region size 1024K, 46 young (47104K), 1 survivors (1024K)
 Metaspace       used 30071K, committed 30336K, reserved 1081344K
  class space    used 3710K, committed 3840K, reserved 1048576K
}
Event: 11.705 GC heap after
{Heap after GC invocations=12 (full 0):
 garbage-first heap   total 78848K, used 12931K [0x00000000c4000000, 0x0000000100000000)
  region size 1024K, 2 young (2048K), 2 survivors (2048K)
 Metaspace       used 30071K, committed 30336K, reserved 1081344K
  class space    used 3710K, committed 3840K, reserved 1048576K
}
Event: 16.050 GC heap before
{Heap before GC invocations=12 (full 0):
 garbage-first heap   total 78848K, used 57987K [0x00000000c4000000, 0x0000000100000000)
  region size 1024K, 46 young (47104K), 2 survivors (2048K)
 Metaspace       used 34513K, committed 34880K, reserved 1081344K
  class space    used 4378K, committed 4544K, reserved 1048576K
}
Event: 16.070 GC heap after
{Heap after GC invocations=13 (full 0):
 garbage-first heap   total 78848K, used 15620K [0x00000000c4000000, 0x0000000100000000)
  region size 1024K, 5 young (5120K), 5 survivors (5120K)
 Metaspace       used 34513K, committed 34880K, reserved 1081344K
  class space    used 4378K, committed 4544K, reserved 1048576K
}
Event: 16.718 GC heap before
{Heap before GC invocations=13 (full 0):
 garbage-first heap   total 78848K, used 22788K [0x00000000c4000000, 0x0000000100000000)
  region size 1024K, 13 young (13312K), 5 survivors (5120K)
 Metaspace       used 35664K, committed 35968K, reserved 1081344K
  class space    used 4589K, committed 4736K, reserved 1048576K
}
Event: 16.740 GC heap after
{Heap after GC invocations=14 (full 0):
 garbage-first heap   total 78848K, used 16692K [0x00000000c4000000, 0x0000000100000000)
  region size 1024K, 4 young (4096K), 4 survivors (4096K)
 Metaspace       used 35664K, committed 35968K, reserved 1081344K
  class space    used 4589K, committed 4736K, reserved 1048576K
}
Event: 18.035 GC heap before
{Heap before GC invocations=15 (full 0):
 garbage-first heap   total 61440K, used 48436K [0x00000000c4000000, 0x0000000100000000)
  region size 1024K, 36 young (36864K), 4 survivors (4096K)
 Metaspace       used 38404K, committed 38784K, reserved 1089536K
  class space    used 4967K, committed 5120K, reserved 1048576K
}
Event: 18.059 GC heap after
{Heap after GC invocations=16 (full 0):
 garbage-first heap   total 61440K, used 18491K [0x00000000c4000000, 0x0000000100000000)
  region size 1024K, 3 young (3072K), 3 survivors (3072K)
 Metaspace       used 38404K, committed 38784K, reserved 1089536K
  class space    used 4967K, committed 5120K, reserved 1048576K
}
Event: 18.273 GC heap before
{Heap before GC invocations=16 (full 0):
 garbage-first heap   total 61440K, used 45115K [0x00000000c4000000, 0x0000000100000000)
  region size 1024K, 30 young (30720K), 3 survivors (3072K)
 Metaspace       used 38725K, committed 39168K, reserved 1089536K
  class space    used 4995K, committed 5184K, reserved 1048576K
}
Event: 18.287 GC heap after
{Heap after GC invocations=17 (full 0):
 garbage-first heap   total 61440K, used 18941K [0x00000000c4000000, 0x0000000100000000)
  region size 1024K, 3 young (3072K), 3 survivors (3072K)
 Metaspace       used 38725K, committed 39168K, reserved 1089536K
  class space    used 4995K, committed 5184K, reserved 1048576K
}
Event: 18.465 GC heap before
{Heap before GC invocations=17 (full 0):
 garbage-first heap   total 61440K, used 45565K [0x00000000c4000000, 0x0000000100000000)
  region size 1024K, 30 young (30720K), 3 survivors (3072K)
 Metaspace       used 38849K, committed 39232K, reserved 1089536K
  class space    used 5008K, committed 5184K, reserved 1048576K
}
Event: 18.478 GC heap after
{Heap after GC invocations=18 (full 0):
 garbage-first heap   total 61440K, used 19383K [0x00000000c4000000, 0x0000000100000000)
  region size 1024K, 1 young (1024K), 1 survivors (1024K)
 Metaspace       used 38849K, committed 39232K, reserved 1089536K
  class space    used 5008K, committed 5184K, reserved 1048576K
}
Event: 20.016 GC heap before
{Heap before GC invocations=18 (full 0):
 garbage-first heap   total 61440K, used 47031K [0x00000000c4000000, 0x0000000100000000)
  region size 1024K, 29 young (29696K), 1 survivors (1024K)
 Metaspace       used 41586K, committed 41984K, reserved 1089536K
  class space    used 5302K, committed 5504K, reserved 1048576K
}
Event: 20.025 GC heap after
{Heap after GC invocations=19 (full 0):
 garbage-first heap   total 61440K, used 20308K [0x00000000c4000000, 0x0000000100000000)
  region size 1024K, 2 young (2048K), 2 survivors (2048K)
 Metaspace       used 41586K, committed 41984K, reserved 1089536K
  class space    used 5302K, committed 5504K, reserved 1048576K
}
Event: 23.031 GC heap before
{Heap before GC invocations=19 (full 0):
 garbage-first heap   total 61440K, used 47956K [0x00000000c4000000, 0x0000000100000000)
  region size 1024K, 29 young (29696K), 2 survivors (2048K)
 Metaspace       used 48020K, committed 48384K, reserved 1097728K
  class space    used 6223K, committed 6400K, reserved 1048576K
}
Event: 23.052 GC heap after
{Heap after GC invocations=20 (full 0):
 garbage-first heap   total 61440K, used 21679K [0x00000000c4000000, 0x0000000100000000)
  region size 1024K, 3 young (3072K), 3 survivors (3072K)
 Metaspace       used 48020K, committed 48384K, reserved 1097728K
  class space    used 6223K, committed 6400K, reserved 1048576K
}

